2026-01-23 12:04:04.657 [INFO    ] [energy_manager      ] [EnergyManager] __init__ called with config_file: /tmp/zero_energy_test/system_tie_zero_energy.yml
2026-01-23 12:04:04.668 [INFO    ] [energy_manager      ] [EnergyConfig] 加载配置文件: /tmp/zero_energy_test/system_tie_zero_energy.yml
2026-01-23 12:04:04.668 [INFO    ] [energy_manager      ] [EnergyConfig] initial_energy from config: 0.0
2026-01-23 12:04:04.669 [INFO    ] [energy_manager      ] [EnergyConfig] self.initial_energy after loading: 0.0
2026-01-23 12:04:04.669 [INFO    ] [energy_manager      ] [EnergyConfig] 从 day_of_year=187, time_of_day_ms=0 计算 start_offset_minutes=267840
2026-01-23 12:04:04.669 [INFO    ] [energy_manager      ] [Python] 从配置文件更新start_offset_minutes=267840, simulation_start_time=16070400000ms
2026-01-23 12:04:04.669 [INFO    ] [energy_manager      ] [EnergyConfig] 使用默认能量收集源配置
2026-01-23 12:04:04.669 [INFO    ] [energy_manager      ] EnergyConfig loaded from /tmp/zero_energy_test/system_tie_zero_energy.yml
2026-01-23 12:04:04.669 [INFO    ] [energy_manager      ]   Initial energy: 0.0 J
2026-01-23 12:04:04.669 [INFO    ] [energy_manager      ]   Max energy: 1000.0 J
2026-01-23 12:04:04.669 [INFO    ] [energy_manager      ]   Unit time: 50 ms
2026-01-23 12:04:04.669 [INFO    ] [energy_manager      ]   Debug mode: False
2026-01-23 12:04:04.669 [INFO    ] [energy_manager      ]   === 真实太阳能数据配置 ===
2026-01-23 12:04:04.669 [INFO    ] [energy_manager      ]     使用真实数据: True
2026-01-23 12:04:04.669 [INFO    ] [energy_manager      ]     数据文件: data/processed/shenyang_solar_minute.csv
2026-01-23 12:04:04.670 [INFO    ] [energy_manager      ]     光伏效率: 0.22
2026-01-23 12:04:04.670 [INFO    ] [energy_manager      ]     光伏面积: 1.0 m²
2026-01-23 12:04:04.670 [INFO    ] [energy_manager      ]     时间偏移: 267840 分钟
2026-01-23 12:04:04.670 [INFO    ] [energy_manager      ] 加载的季节配置:
2026-01-23 12:04:04.670 [INFO    ] [energy_manager      ]   spring: 第60天 - 第151天
2026-01-23 12:04:04.670 [INFO    ] [energy_manager      ]   summer: 第152天 - 第243天
2026-01-23 12:04:04.670 [INFO    ] [energy_manager      ]   autumn: 第244天 - 第334天
2026-01-23 12:04:04.670 [INFO    ] [energy_manager      ]   winter: 第335天 - 第365天
2026-01-23 12:04:04.670 [INFO    ] [energy_manager      ] 加载的时间段配置:
2026-01-23 12:04:04.670 [INFO    ] [energy_manager      ]   morning: 6:00 - 11:00 (倍率: 2.0)
2026-01-23 12:04:04.670 [INFO    ] [energy_manager      ]   noon: 12:00 - 13:00 (倍率: 5.0)
2026-01-23 12:04:04.670 [INFO    ] [energy_manager      ]   afternoon: 14:00 - 17:00 (倍率: 3.0)
2026-01-23 12:04:04.671 [INFO    ] [energy_manager      ]   evening: 18:00 - 21:00 (倍率: 1.0)
2026-01-23 12:04:04.671 [INFO    ] [energy_manager      ]   night: 22:00 - 5:00 (倍率: 0.5)
2026-01-23 12:04:04.763 [ERROR   ] [energy_manager      ] [EnergyHarvester] 错误: 无法初始化太阳能数据加载器: 太阳能数据文件不存在: data/processed/shenyang_solar_minute.csv
2026-01-23 12:04:04.763 [ERROR   ] [energy_manager      ] [EnergyHarvester] 将使用原有模型
2026-01-23 12:04:04.763 [INFO    ] [energy_manager      ] [EnergyManager] self.config.initial_energy: 0.0
2026-01-23 12:04:04.763 [INFO    ] [energy_manager      ] [EnergyManager] self.current_energy set to: 0.0
2026-01-23 12:04:04.763 [INFO    ] [energy_manager      ] [Python] EnergyManager初始化完成
2026-01-23 12:04:04.763 [INFO    ] [energy_manager      ] [Python] 初始能量: 0.0/1000.0 J
2026-01-23 12:04:04.763 [INFO    ] [energy_manager      ] [Python] 仿真开始时间偏移: 16070400000ms
2026-01-23 12:04:04.763 [INFO    ] [energy_manager      ] [Python] 仿真开始时间: 00:00:00
2026-01-23 12:04:04.763 [INFO    ] [energy_manager      ] 全局EnergyManager实例创建成功
2026-01-23 12:04:04.764 [INFO    ] [energy_manager      ] [get_energy_manager] config_file=/tmp/zero_energy_test/system_tie_zero_energy.yml, current_config_file=/tmp/zero_energy_test/system_tie_zero_energy.yml
2026-01-23 12:04:04.764 [INFO    ] [energy_manager      ] 配置文件相同，无需重新加载: /tmp/zero_energy_test/system_tie_zero_energy.yml
2026-01-23 12:04:04.764 [INFO    ] [energy_manager      ] [Python] 返回C++配置: 核心数=2, 基础频率=8100.0MHz, 初始能量=0.0J
