2026-02-01 01:39:44.411 [INFO    ] [energy_manager      ] [EnergyManager] __init__ called with config_file: test_results/12mj_test/configs/system_2core_gpfp_tie_12mj.yml
2026-02-01 01:39:44.426 [INFO    ] [energy_manager      ] [EnergyConfig] 加载配置文件: test_results/12mj_test/configs/system_2core_gpfp_tie_12mj.yml
2026-02-01 01:39:44.426 [INFO    ] [energy_manager      ] [EnergyConfig] initial_energy from config: 0.012
2026-02-01 01:39:44.426 [INFO    ] [energy_manager      ] [EnergyConfig] self.initial_energy after loading: 0.012
2026-02-01 01:39:44.426 [INFO    ] [energy_manager      ] [EnergyConfig] 从 day_of_year=182, time_of_day_ms=0 计算 start_offset_minutes=260640
2026-02-01 01:39:44.426 [INFO    ] [energy_manager      ] [Python] 从配置文件更新start_offset_minutes=260640, simulation_start_time=15638400000ms
2026-02-01 01:39:44.426 [INFO    ] [energy_manager      ] [EnergyConfig] 使用默认能量收集源配置
2026-02-01 01:39:44.426 [INFO    ] [energy_manager      ] EnergyConfig loaded from test_results/12mj_test/configs/system_2core_gpfp_tie_12mj.yml
2026-02-01 01:39:44.426 [INFO    ] [energy_manager      ]   Initial energy: 0.012 J
2026-02-01 01:39:44.426 [INFO    ] [energy_manager      ]   Max energy: 1000.0 J
2026-02-01 01:39:44.426 [INFO    ] [energy_manager      ]   Unit time: 50 ms
2026-02-01 01:39:44.426 [INFO    ] [energy_manager      ]   Debug mode: False
2026-02-01 01:39:44.427 [INFO    ] [energy_manager      ]   === 真实太阳能数据配置 ===
2026-02-01 01:39:44.427 [INFO    ] [energy_manager      ]     使用真实数据: True
2026-02-01 01:39:44.427 [INFO    ] [energy_manager      ]     数据文件: data/processed/shenyang_solar_minute.csv
2026-02-01 01:39:44.427 [INFO    ] [energy_manager      ]     光伏效率: 0.18
2026-02-01 01:39:44.427 [INFO    ] [energy_manager      ]     光伏面积: 1.0 m²
2026-02-01 01:39:44.427 [INFO    ] [energy_manager      ]     时间偏移: 260640 分钟
2026-02-01 01:39:44.427 [INFO    ] [energy_manager      ] 加载的季节配置:
2026-02-01 01:39:44.427 [INFO    ] [energy_manager      ]   spring: 第60天 - 第151天
2026-02-01 01:39:44.427 [INFO    ] [energy_manager      ]   summer: 第152天 - 第243天
2026-02-01 01:39:44.427 [INFO    ] [energy_manager      ]   autumn: 第244天 - 第334天
2026-02-01 01:39:44.427 [INFO    ] [energy_manager      ]   winter: 第335天 - 第365天
2026-02-01 01:39:44.427 [INFO    ] [energy_manager      ] 加载的时间段配置:
2026-02-01 01:39:44.427 [INFO    ] [energy_manager      ]   morning: 6:00 - 11:00 (倍率: 2.0)
2026-02-01 01:39:44.427 [INFO    ] [energy_manager      ]   noon: 12:00 - 13:00 (倍率: 5.0)
2026-02-01 01:39:44.428 [INFO    ] [energy_manager      ]   afternoon: 14:00 - 17:00 (倍率: 3.0)
2026-02-01 01:39:44.428 [INFO    ] [energy_manager      ]   evening: 18:00 - 21:00 (倍率: 1.0)
2026-02-01 01:39:44.428 [INFO    ] [energy_manager      ]   night: 22:00 - 5:00 (倍率: 0.5)
2026-02-01 01:39:45.803 [INFO    ] [energy_manager      ] [EnergyHarvester] 成功初始化真实太阳能数据模型
2026-02-01 01:39:45.803 [INFO    ] [energy_manager      ] [EnergyHarvester] 使用数据文件: data/processed/shenyang_solar_minute.csv
2026-02-01 01:39:45.803 [INFO    ] [energy_manager      ] [EnergyHarvester] 光伏参数: 效率=0.18, 面积=1.0m²
2026-02-01 01:39:45.803 [INFO    ] [energy_manager      ] [EnergyHarvester] 时间偏移: 260640 分钟
2026-02-01 01:39:45.803 [INFO    ] [energy_manager      ] [EnergyManager] self.config.initial_energy: 0.012
2026-02-01 01:39:45.803 [INFO    ] [energy_manager      ] [EnergyManager] self.current_energy set to: 0.012
2026-02-01 01:39:45.803 [INFO    ] [energy_manager      ] [Python] EnergyManager初始化完成
2026-02-01 01:39:45.803 [INFO    ] [energy_manager      ] [Python] 初始能量: 0.0/1000.0 J
2026-02-01 01:39:45.803 [INFO    ] [energy_manager      ] [Python] 仿真开始时间偏移: 15638400000ms
2026-02-01 01:39:45.803 [INFO    ] [energy_manager      ] [Python] 仿真开始时间: 00:00:00
2026-02-01 01:39:45.803 [INFO    ] [energy_manager      ] 全局EnergyManager实例创建成功
2026-02-01 01:39:45.804 [INFO    ] [energy_manager      ] [get_energy_manager] config_file=test_results/12mj_test/configs/system_2core_gpfp_tie_12mj.yml, current_config_file=test_results/12mj_test/configs/system_2core_gpfp_tie_12mj.yml
2026-02-01 01:39:45.804 [INFO    ] [energy_manager      ] 配置文件相同，无需重新加载: test_results/12mj_test/configs/system_2core_gpfp_tie_12mj.yml
2026-02-01 01:39:45.804 [INFO    ] [energy_manager      ] [Python] 返回C++配置: 核心数=2, 基础频率=8100.0MHz, 初始能量=0.012J
2026-02-01 01:39:58.123 [INFO    ] [energy_manager      ] [EnergyManager] __init__ called with config_file: test_results/12mj_test/configs/system_2core_gpfp_tie_15mj.yml
2026-02-01 01:39:58.138 [INFO    ] [energy_manager      ] [EnergyConfig] 加载配置文件: test_results/12mj_test/configs/system_2core_gpfp_tie_15mj.yml
2026-02-01 01:39:58.138 [INFO    ] [energy_manager      ] [EnergyConfig] initial_energy from config: 0.015
2026-02-01 01:39:58.138 [INFO    ] [energy_manager      ] [EnergyConfig] self.initial_energy after loading: 0.015
2026-02-01 01:39:58.138 [INFO    ] [energy_manager      ] [EnergyConfig] 从 day_of_year=182, time_of_day_ms=0 计算 start_offset_minutes=260640
2026-02-01 01:39:58.138 [INFO    ] [energy_manager      ] [Python] 从配置文件更新start_offset_minutes=260640, simulation_start_time=15638400000ms
2026-02-01 01:39:58.138 [INFO    ] [energy_manager      ] [EnergyConfig] 使用默认能量收集源配置
2026-02-01 01:39:58.138 [INFO    ] [energy_manager      ] EnergyConfig loaded from test_results/12mj_test/configs/system_2core_gpfp_tie_15mj.yml
2026-02-01 01:39:58.138 [INFO    ] [energy_manager      ]   Initial energy: 0.015 J
2026-02-01 01:39:58.138 [INFO    ] [energy_manager      ]   Max energy: 1000.0 J
2026-02-01 01:39:58.138 [INFO    ] [energy_manager      ]   Unit time: 50 ms
2026-02-01 01:39:58.138 [INFO    ] [energy_manager      ]   Debug mode: False
2026-02-01 01:39:58.138 [INFO    ] [energy_manager      ]   === 真实太阳能数据配置 ===
2026-02-01 01:39:58.138 [INFO    ] [energy_manager      ]     使用真实数据: True
2026-02-01 01:39:58.138 [INFO    ] [energy_manager      ]     数据文件: data/processed/shenyang_solar_minute.csv
2026-02-01 01:39:58.138 [INFO    ] [energy_manager      ]     光伏效率: 0.18
2026-02-01 01:39:58.138 [INFO    ] [energy_manager      ]     光伏面积: 1.0 m²
2026-02-01 01:39:58.139 [INFO    ] [energy_manager      ]     时间偏移: 260640 分钟
2026-02-01 01:39:58.139 [INFO    ] [energy_manager      ] 加载的季节配置:
2026-02-01 01:39:58.139 [INFO    ] [energy_manager      ]   spring: 第60天 - 第151天
2026-02-01 01:39:58.139 [INFO    ] [energy_manager      ]   summer: 第152天 - 第243天
2026-02-01 01:39:58.139 [INFO    ] [energy_manager      ]   autumn: 第244天 - 第334天
2026-02-01 01:39:58.139 [INFO    ] [energy_manager      ]   winter: 第335天 - 第365天
2026-02-01 01:39:58.139 [INFO    ] [energy_manager      ] 加载的时间段配置:
2026-02-01 01:39:58.139 [INFO    ] [energy_manager      ]   morning: 6:00 - 11:00 (倍率: 2.0)
2026-02-01 01:39:58.139 [INFO    ] [energy_manager      ]   noon: 12:00 - 13:00 (倍率: 5.0)
2026-02-01 01:39:58.139 [INFO    ] [energy_manager      ]   afternoon: 14:00 - 17:00 (倍率: 3.0)
2026-02-01 01:39:58.139 [INFO    ] [energy_manager      ]   evening: 18:00 - 21:00 (倍率: 1.0)
2026-02-01 01:39:58.139 [INFO    ] [energy_manager      ]   night: 22:00 - 5:00 (倍率: 0.5)
2026-02-01 01:39:59.374 [INFO    ] [energy_manager      ] [EnergyHarvester] 成功初始化真实太阳能数据模型
2026-02-01 01:39:59.375 [INFO    ] [energy_manager      ] [EnergyHarvester] 使用数据文件: data/processed/shenyang_solar_minute.csv
2026-02-01 01:39:59.375 [INFO    ] [energy_manager      ] [EnergyHarvester] 光伏参数: 效率=0.18, 面积=1.0m²
2026-02-01 01:39:59.375 [INFO    ] [energy_manager      ] [EnergyHarvester] 时间偏移: 260640 分钟
2026-02-01 01:39:59.375 [INFO    ] [energy_manager      ] [EnergyManager] self.config.initial_energy: 0.015
2026-02-01 01:39:59.375 [INFO    ] [energy_manager      ] [EnergyManager] self.current_energy set to: 0.015
2026-02-01 01:39:59.375 [INFO    ] [energy_manager      ] [Python] EnergyManager初始化完成
2026-02-01 01:39:59.375 [INFO    ] [energy_manager      ] [Python] 初始能量: 0.0/1000.0 J
2026-02-01 01:39:59.375 [INFO    ] [energy_manager      ] [Python] 仿真开始时间偏移: 15638400000ms
2026-02-01 01:39:59.375 [INFO    ] [energy_manager      ] [Python] 仿真开始时间: 00:00:00
2026-02-01 01:39:59.375 [INFO    ] [energy_manager      ] 全局EnergyManager实例创建成功
2026-02-01 01:39:59.375 [INFO    ] [energy_manager      ] [get_energy_manager] config_file=test_results/12mj_test/configs/system_2core_gpfp_tie_15mj.yml, current_config_file=test_results/12mj_test/configs/system_2core_gpfp_tie_15mj.yml
2026-02-01 01:39:59.375 [INFO    ] [energy_manager      ] 配置文件相同，无需重新加载: test_results/12mj_test/configs/system_2core_gpfp_tie_15mj.yml
2026-02-01 01:39:59.375 [INFO    ] [energy_manager      ] [Python] 返回C++配置: 核心数=2, 基础频率=8100.0MHz, 初始能量=0.015J
2026-02-01 01:40:03.126 [INFO    ] [energy_manager      ] [EnergyManager] __init__ called with config_file: test_results/12mj_test/configs/system_2core_gpfp_tgf_12mj.yml
2026-02-01 01:40:03.141 [INFO    ] [energy_manager      ] [EnergyConfig] 加载配置文件: test_results/12mj_test/configs/system_2core_gpfp_tgf_12mj.yml
2026-02-01 01:40:03.141 [INFO    ] [energy_manager      ] [EnergyConfig] initial_energy from config: 0.012
2026-02-01 01:40:03.141 [INFO    ] [energy_manager      ] [EnergyConfig] self.initial_energy after loading: 0.012
2026-02-01 01:40:03.141 [INFO    ] [energy_manager      ] [EnergyConfig] 从 day_of_year=182, time_of_day_ms=0 计算 start_offset_minutes=260640
2026-02-01 01:40:03.141 [INFO    ] [energy_manager      ] [Python] 从配置文件更新start_offset_minutes=260640, simulation_start_time=15638400000ms
2026-02-01 01:40:03.141 [INFO    ] [energy_manager      ] [EnergyConfig] 使用默认能量收集源配置
2026-02-01 01:40:03.141 [INFO    ] [energy_manager      ] EnergyConfig loaded from test_results/12mj_test/configs/system_2core_gpfp_tgf_12mj.yml
2026-02-01 01:40:03.141 [INFO    ] [energy_manager      ]   Initial energy: 0.012 J
2026-02-01 01:40:03.142 [INFO    ] [energy_manager      ]   Max energy: 1000.0 J
2026-02-01 01:40:03.142 [INFO    ] [energy_manager      ]   Unit time: 50 ms
2026-02-01 01:40:03.142 [INFO    ] [energy_manager      ]   Debug mode: False
2026-02-01 01:40:03.142 [INFO    ] [energy_manager      ]   === 真实太阳能数据配置 ===
2026-02-01 01:40:03.142 [INFO    ] [energy_manager      ]     使用真实数据: True
2026-02-01 01:40:03.142 [INFO    ] [energy_manager      ]     数据文件: data/processed/shenyang_solar_minute.csv
2026-02-01 01:40:03.142 [INFO    ] [energy_manager      ]     光伏效率: 0.18
2026-02-01 01:40:03.142 [INFO    ] [energy_manager      ]     光伏面积: 1.0 m²
2026-02-01 01:40:03.142 [INFO    ] [energy_manager      ]     时间偏移: 260640 分钟
2026-02-01 01:40:03.142 [INFO    ] [energy_manager      ] 加载的季节配置:
2026-02-01 01:40:03.142 [INFO    ] [energy_manager      ]   spring: 第60天 - 第151天
2026-02-01 01:40:03.142 [INFO    ] [energy_manager      ]   summer: 第152天 - 第243天
2026-02-01 01:40:03.142 [INFO    ] [energy_manager      ]   autumn: 第244天 - 第334天
2026-02-01 01:40:03.142 [INFO    ] [energy_manager      ]   winter: 第335天 - 第365天
2026-02-01 01:40:03.142 [INFO    ] [energy_manager      ] 加载的时间段配置:
2026-02-01 01:40:03.142 [INFO    ] [energy_manager      ]   morning: 6:00 - 11:00 (倍率: 2.0)
2026-02-01 01:40:03.142 [INFO    ] [energy_manager      ]   noon: 12:00 - 13:00 (倍率: 5.0)
2026-02-01 01:40:03.142 [INFO    ] [energy_manager      ]   afternoon: 14:00 - 17:00 (倍率: 3.0)
2026-02-01 01:40:03.142 [INFO    ] [energy_manager      ]   evening: 18:00 - 21:00 (倍率: 1.0)
2026-02-01 01:40:03.142 [INFO    ] [energy_manager      ]   night: 22:00 - 5:00 (倍率: 0.5)
2026-02-01 01:40:04.386 [INFO    ] [energy_manager      ] [EnergyHarvester] 成功初始化真实太阳能数据模型
2026-02-01 01:40:04.386 [INFO    ] [energy_manager      ] [EnergyHarvester] 使用数据文件: data/processed/shenyang_solar_minute.csv
2026-02-01 01:40:04.386 [INFO    ] [energy_manager      ] [EnergyHarvester] 光伏参数: 效率=0.18, 面积=1.0m²
2026-02-01 01:40:04.387 [INFO    ] [energy_manager      ] [EnergyHarvester] 时间偏移: 260640 分钟
2026-02-01 01:40:04.387 [INFO    ] [energy_manager      ] [EnergyManager] self.config.initial_energy: 0.012
2026-02-01 01:40:04.387 [INFO    ] [energy_manager      ] [EnergyManager] self.current_energy set to: 0.012
2026-02-01 01:40:04.387 [INFO    ] [energy_manager      ] [Python] EnergyManager初始化完成
2026-02-01 01:40:04.387 [INFO    ] [energy_manager      ] [Python] 初始能量: 0.0/1000.0 J
2026-02-01 01:40:04.387 [INFO    ] [energy_manager      ] [Python] 仿真开始时间偏移: 15638400000ms
2026-02-01 01:40:04.387 [INFO    ] [energy_manager      ] [Python] 仿真开始时间: 00:00:00
2026-02-01 01:40:04.387 [INFO    ] [energy_manager      ] 全局EnergyManager实例创建成功
2026-02-01 01:40:04.387 [INFO    ] [energy_manager      ] [get_energy_manager] config_file=test_results/12mj_test/configs/system_2core_gpfp_tgf_12mj.yml, current_config_file=test_results/12mj_test/configs/system_2core_gpfp_tgf_12mj.yml
2026-02-01 01:40:04.387 [INFO    ] [energy_manager      ] 配置文件相同，无需重新加载: test_results/12mj_test/configs/system_2core_gpfp_tgf_12mj.yml
2026-02-01 01:40:04.387 [INFO    ] [energy_manager      ] [Python] 返回C++配置: 核心数=2, 基础频率=8100.0MHz, 初始能量=0.012J
2026-02-01 01:40:43.747 [INFO    ] [energy_manager      ] [EnergyManager] __init__ called with config_file: test_results/12mj_test/configs/system_2core_gpfp_tgf_15mj.yml
2026-02-01 01:40:43.761 [INFO    ] [energy_manager      ] [EnergyConfig] 加载配置文件: test_results/12mj_test/configs/system_2core_gpfp_tgf_15mj.yml
2026-02-01 01:40:43.761 [INFO    ] [energy_manager      ] [EnergyConfig] initial_energy from config: 0.015
2026-02-01 01:40:43.761 [INFO    ] [energy_manager      ] [EnergyConfig] self.initial_energy after loading: 0.015
2026-02-01 01:40:43.761 [INFO    ] [energy_manager      ] [EnergyConfig] 从 day_of_year=182, time_of_day_ms=0 计算 start_offset_minutes=260640
2026-02-01 01:40:43.761 [INFO    ] [energy_manager      ] [Python] 从配置文件更新start_offset_minutes=260640, simulation_start_time=15638400000ms
2026-02-01 01:40:43.762 [INFO    ] [energy_manager      ] [EnergyConfig] 使用默认能量收集源配置
2026-02-01 01:40:43.762 [INFO    ] [energy_manager      ] EnergyConfig loaded from test_results/12mj_test/configs/system_2core_gpfp_tgf_15mj.yml
2026-02-01 01:40:43.762 [INFO    ] [energy_manager      ]   Initial energy: 0.015 J
2026-02-01 01:40:43.762 [INFO    ] [energy_manager      ]   Max energy: 1000.0 J
2026-02-01 01:40:43.762 [INFO    ] [energy_manager      ]   Unit time: 50 ms
2026-02-01 01:40:43.762 [INFO    ] [energy_manager      ]   Debug mode: False
2026-02-01 01:40:43.762 [INFO    ] [energy_manager      ]   === 真实太阳能数据配置 ===
2026-02-01 01:40:43.762 [INFO    ] [energy_manager      ]     使用真实数据: True
2026-02-01 01:40:43.762 [INFO    ] [energy_manager      ]     数据文件: data/processed/shenyang_solar_minute.csv
2026-02-01 01:40:43.762 [INFO    ] [energy_manager      ]     光伏效率: 0.18
2026-02-01 01:40:43.762 [INFO    ] [energy_manager      ]     光伏面积: 1.0 m²
2026-02-01 01:40:43.762 [INFO    ] [energy_manager      ]     时间偏移: 260640 分钟
2026-02-01 01:40:43.762 [INFO    ] [energy_manager      ] 加载的季节配置:
2026-02-01 01:40:43.762 [INFO    ] [energy_manager      ]   spring: 第60天 - 第151天
2026-02-01 01:40:43.762 [INFO    ] [energy_manager      ]   summer: 第152天 - 第243天
2026-02-01 01:40:43.762 [INFO    ] [energy_manager      ]   autumn: 第244天 - 第334天
2026-02-01 01:40:43.762 [INFO    ] [energy_manager      ]   winter: 第335天 - 第365天
2026-02-01 01:40:43.762 [INFO    ] [energy_manager      ] 加载的时间段配置:
2026-02-01 01:40:43.762 [INFO    ] [energy_manager      ]   morning: 6:00 - 11:00 (倍率: 2.0)
2026-02-01 01:40:43.762 [INFO    ] [energy_manager      ]   noon: 12:00 - 13:00 (倍率: 5.0)
2026-02-01 01:40:43.762 [INFO    ] [energy_manager      ]   afternoon: 14:00 - 17:00 (倍率: 3.0)
2026-02-01 01:40:43.762 [INFO    ] [energy_manager      ]   evening: 18:00 - 21:00 (倍率: 1.0)
2026-02-01 01:40:43.762 [INFO    ] [energy_manager      ]   night: 22:00 - 5:00 (倍率: 0.5)
2026-02-01 01:40:45.143 [INFO    ] [energy_manager      ] [EnergyHarvester] 成功初始化真实太阳能数据模型
2026-02-01 01:40:45.143 [INFO    ] [energy_manager      ] [EnergyHarvester] 使用数据文件: data/processed/shenyang_solar_minute.csv
2026-02-01 01:40:45.143 [INFO    ] [energy_manager      ] [EnergyHarvester] 光伏参数: 效率=0.18, 面积=1.0m²
2026-02-01 01:40:45.143 [INFO    ] [energy_manager      ] [EnergyHarvester] 时间偏移: 260640 分钟
2026-02-01 01:40:45.144 [INFO    ] [energy_manager      ] [EnergyManager] self.config.initial_energy: 0.015
2026-02-01 01:40:45.144 [INFO    ] [energy_manager      ] [EnergyManager] self.current_energy set to: 0.015
2026-02-01 01:40:45.144 [INFO    ] [energy_manager      ] [Python] EnergyManager初始化完成
2026-02-01 01:40:45.144 [INFO    ] [energy_manager      ] [Python] 初始能量: 0.0/1000.0 J
2026-02-01 01:40:45.144 [INFO    ] [energy_manager      ] [Python] 仿真开始时间偏移: 15638400000ms
2026-02-01 01:40:45.144 [INFO    ] [energy_manager      ] [Python] 仿真开始时间: 00:00:00
2026-02-01 01:40:45.144 [INFO    ] [energy_manager      ] 全局EnergyManager实例创建成功
2026-02-01 01:40:45.144 [INFO    ] [energy_manager      ] [get_energy_manager] config_file=test_results/12mj_test/configs/system_2core_gpfp_tgf_15mj.yml, current_config_file=test_results/12mj_test/configs/system_2core_gpfp_tgf_15mj.yml
2026-02-01 01:40:45.144 [INFO    ] [energy_manager      ] 配置文件相同，无需重新加载: test_results/12mj_test/configs/system_2core_gpfp_tgf_15mj.yml
2026-02-01 01:40:45.144 [INFO    ] [energy_manager      ] [Python] 返回C++配置: 核心数=2, 基础频率=8100.0MHz, 初始能量=0.015J
2026-02-01 19:24:23.463 [INFO    ] [energy_manager      ] [EnergyManager] __init__ called with config_file: test_results/12mj_test/configs/system_2core_gpfp_tgf_15mj.yml
2026-02-01 19:24:23.477 [INFO    ] [energy_manager      ] [EnergyConfig] 加载配置文件: test_results/12mj_test/configs/system_2core_gpfp_tgf_15mj.yml
2026-02-01 19:24:23.477 [INFO    ] [energy_manager      ] [EnergyConfig] initial_energy from config: 0.015
2026-02-01 19:24:23.477 [INFO    ] [energy_manager      ] [EnergyConfig] self.initial_energy after loading: 0.015
2026-02-01 19:24:23.478 [INFO    ] [energy_manager      ] [EnergyConfig] 从 day_of_year=182, time_of_day_ms=0 计算 start_offset_minutes=260640
2026-02-01 19:24:23.478 [INFO    ] [energy_manager      ] [Python] 从配置文件更新start_offset_minutes=260640, simulation_start_time=15638400000ms
2026-02-01 19:24:23.478 [INFO    ] [energy_manager      ] [EnergyConfig] 使用默认能量收集源配置
2026-02-01 19:24:23.478 [INFO    ] [energy_manager      ] EnergyConfig loaded from test_results/12mj_test/configs/system_2core_gpfp_tgf_15mj.yml
2026-02-01 19:24:23.478 [INFO    ] [energy_manager      ]   Initial energy: 0.015 J
2026-02-01 19:24:23.478 [INFO    ] [energy_manager      ]   Max energy: 1000.0 J
2026-02-01 19:24:23.478 [INFO    ] [energy_manager      ]   Unit time: 50 ms
2026-02-01 19:24:23.478 [INFO    ] [energy_manager      ]   Debug mode: False
2026-02-01 19:24:23.478 [INFO    ] [energy_manager      ]   === 真实太阳能数据配置 ===
2026-02-01 19:24:23.478 [INFO    ] [energy_manager      ]     使用真实数据: True
2026-02-01 19:24:23.478 [INFO    ] [energy_manager      ]     数据文件: data/processed/shenyang_solar_minute.csv
2026-02-01 19:24:23.478 [INFO    ] [energy_manager      ]     光伏效率: 0.18
2026-02-01 19:24:23.478 [INFO    ] [energy_manager      ]     光伏面积: 1.0 m²
2026-02-01 19:24:23.479 [INFO    ] [energy_manager      ]     时间偏移: 260640 分钟
2026-02-01 19:24:23.479 [INFO    ] [energy_manager      ] 加载的季节配置:
2026-02-01 19:24:23.479 [INFO    ] [energy_manager      ]   spring: 第60天 - 第151天
2026-02-01 19:24:23.479 [INFO    ] [energy_manager      ]   summer: 第152天 - 第243天
2026-02-01 19:24:23.479 [INFO    ] [energy_manager      ]   autumn: 第244天 - 第334天
2026-02-01 19:24:23.479 [INFO    ] [energy_manager      ]   winter: 第335天 - 第365天
2026-02-01 19:24:23.479 [INFO    ] [energy_manager      ] 加载的时间段配置:
2026-02-01 19:24:23.479 [INFO    ] [energy_manager      ]   morning: 6:00 - 11:00 (倍率: 2.0)
2026-02-01 19:24:23.479 [INFO    ] [energy_manager      ]   noon: 12:00 - 13:00 (倍率: 5.0)
2026-02-01 19:24:23.479 [INFO    ] [energy_manager      ]   afternoon: 14:00 - 17:00 (倍率: 3.0)
2026-02-01 19:24:23.479 [INFO    ] [energy_manager      ]   evening: 18:00 - 21:00 (倍率: 1.0)
2026-02-01 19:24:23.479 [INFO    ] [energy_manager      ]   night: 22:00 - 5:00 (倍率: 0.5)
2026-02-01 19:24:24.882 [INFO    ] [energy_manager      ] [EnergyHarvester] 成功初始化真实太阳能数据模型
2026-02-01 19:24:24.882 [INFO    ] [energy_manager      ] [EnergyHarvester] 使用数据文件: data/processed/shenyang_solar_minute.csv
2026-02-01 19:24:24.882 [INFO    ] [energy_manager      ] [EnergyHarvester] 光伏参数: 效率=0.18, 面积=1.0m²
2026-02-01 19:24:24.882 [INFO    ] [energy_manager      ] [EnergyHarvester] 时间偏移: 260640 分钟
2026-02-01 19:24:24.882 [INFO    ] [energy_manager      ] [EnergyManager] self.config.initial_energy: 0.015
2026-02-01 19:24:24.882 [INFO    ] [energy_manager      ] [EnergyManager] self.current_energy set to: 0.015
2026-02-01 19:24:24.882 [INFO    ] [energy_manager      ] [Python] EnergyManager初始化完成
2026-02-01 19:24:24.882 [INFO    ] [energy_manager      ] [Python] 初始能量: 0.0/1000.0 J
2026-02-01 19:24:24.882 [INFO    ] [energy_manager      ] [Python] 仿真开始时间偏移: 15638400000ms
2026-02-01 19:24:24.883 [INFO    ] [energy_manager      ] [Python] 仿真开始时间: 00:00:00
2026-02-01 19:24:24.883 [INFO    ] [energy_manager      ] 全局EnergyManager实例创建成功
2026-02-01 19:24:24.884 [INFO    ] [energy_manager      ] [get_energy_manager] config_file=test_results/12mj_test/configs/system_2core_gpfp_tgf_15mj.yml, current_config_file=test_results/12mj_test/configs/system_2core_gpfp_tgf_15mj.yml
2026-02-01 19:24:24.884 [INFO    ] [energy_manager      ] 配置文件相同，无需重新加载: test_results/12mj_test/configs/system_2core_gpfp_tgf_15mj.yml
2026-02-01 19:24:24.884 [INFO    ] [energy_manager      ] [Python] 返回C++配置: 核心数=2, 基础频率=8100.0MHz, 初始能量=0.015J
2026-02-01 19:25:49.874 [INFO    ] [energy_manager      ] [EnergyManager] __init__ called with config_file: test_results/12mj_test/configs/system_2core_gpfp_tgf_100mj.yml
2026-02-01 19:25:49.888 [INFO    ] [energy_manager      ] [EnergyConfig] 加载配置文件: test_results/12mj_test/configs/system_2core_gpfp_tgf_100mj.yml
2026-02-01 19:25:49.889 [INFO    ] [energy_manager      ] [EnergyConfig] initial_energy from config: 100.0
2026-02-01 19:25:49.889 [INFO    ] [energy_manager      ] [EnergyConfig] self.initial_energy after loading: 100.0
2026-02-01 19:25:49.889 [INFO    ] [energy_manager      ] [EnergyConfig] 从 day_of_year=182, time_of_day_ms=0 计算 start_offset_minutes=260640
2026-02-01 19:25:49.889 [INFO    ] [energy_manager      ] [Python] 从配置文件更新start_offset_minutes=260640, simulation_start_time=15638400000ms
2026-02-01 19:25:49.889 [INFO    ] [energy_manager      ] [EnergyConfig] 使用默认能量收集源配置
2026-02-01 19:25:49.889 [INFO    ] [energy_manager      ] EnergyConfig loaded from test_results/12mj_test/configs/system_2core_gpfp_tgf_100mj.yml
2026-02-01 19:25:49.889 [INFO    ] [energy_manager      ]   Initial energy: 100.0 J
2026-02-01 19:25:49.889 [INFO    ] [energy_manager      ]   Max energy: 1000.0 J
2026-02-01 19:25:49.889 [INFO    ] [energy_manager      ]   Unit time: 50 ms
2026-02-01 19:25:49.889 [INFO    ] [energy_manager      ]   Debug mode: False
2026-02-01 19:25:49.889 [INFO    ] [energy_manager      ]   === 真实太阳能数据配置 ===
2026-02-01 19:25:49.889 [INFO    ] [energy_manager      ]     使用真实数据: True
2026-02-01 19:25:49.889 [INFO    ] [energy_manager      ]     数据文件: data/processed/shenyang_solar_minute.csv
2026-02-01 19:25:49.889 [INFO    ] [energy_manager      ]     光伏效率: 0.18
2026-02-01 19:25:49.890 [INFO    ] [energy_manager      ]     光伏面积: 1.0 m²
2026-02-01 19:25:49.890 [INFO    ] [energy_manager      ]     时间偏移: 260640 分钟
2026-02-01 19:25:49.890 [INFO    ] [energy_manager      ] 加载的季节配置:
2026-02-01 19:25:49.890 [INFO    ] [energy_manager      ]   spring: 第60天 - 第151天
2026-02-01 19:25:49.890 [INFO    ] [energy_manager      ]   summer: 第152天 - 第243天
2026-02-01 19:25:49.890 [INFO    ] [energy_manager      ]   autumn: 第244天 - 第334天
2026-02-01 19:25:49.890 [INFO    ] [energy_manager      ]   winter: 第335天 - 第365天
2026-02-01 19:25:49.890 [INFO    ] [energy_manager      ] 加载的时间段配置:
2026-02-01 19:25:49.890 [INFO    ] [energy_manager      ]   morning: 6:00 - 11:00 (倍率: 2.0)
2026-02-01 19:25:49.890 [INFO    ] [energy_manager      ]   noon: 12:00 - 13:00 (倍率: 5.0)
2026-02-01 19:25:49.890 [INFO    ] [energy_manager      ]   afternoon: 14:00 - 17:00 (倍率: 3.0)
2026-02-01 19:25:49.890 [INFO    ] [energy_manager      ]   evening: 18:00 - 21:00 (倍率: 1.0)
2026-02-01 19:25:49.890 [INFO    ] [energy_manager      ]   night: 22:00 - 5:00 (倍率: 0.5)
2026-02-01 19:25:51.204 [INFO    ] [energy_manager      ] [EnergyHarvester] 成功初始化真实太阳能数据模型
2026-02-01 19:25:51.205 [INFO    ] [energy_manager      ] [EnergyHarvester] 使用数据文件: data/processed/shenyang_solar_minute.csv
2026-02-01 19:25:51.205 [INFO    ] [energy_manager      ] [EnergyHarvester] 光伏参数: 效率=0.18, 面积=1.0m²
2026-02-01 19:25:51.205 [INFO    ] [energy_manager      ] [EnergyHarvester] 时间偏移: 260640 分钟
2026-02-01 19:25:51.205 [INFO    ] [energy_manager      ] [EnergyManager] self.config.initial_energy: 100.0
2026-02-01 19:25:51.205 [INFO    ] [energy_manager      ] [EnergyManager] self.current_energy set to: 100.0
2026-02-01 19:25:51.205 [INFO    ] [energy_manager      ] [Python] EnergyManager初始化完成
2026-02-01 19:25:51.205 [INFO    ] [energy_manager      ] [Python] 初始能量: 100.0/1000.0 J
2026-02-01 19:25:51.205 [INFO    ] [energy_manager      ] [Python] 仿真开始时间偏移: 15638400000ms
2026-02-01 19:25:51.205 [INFO    ] [energy_manager      ] [Python] 仿真开始时间: 00:00:00
2026-02-01 19:25:51.205 [INFO    ] [energy_manager      ] 全局EnergyManager实例创建成功
2026-02-01 19:25:51.206 [INFO    ] [energy_manager      ] [get_energy_manager] config_file=test_results/12mj_test/configs/system_2core_gpfp_tgf_100mj.yml, current_config_file=test_results/12mj_test/configs/system_2core_gpfp_tgf_100mj.yml
2026-02-01 19:25:51.206 [INFO    ] [energy_manager      ] 配置文件相同，无需重新加载: test_results/12mj_test/configs/system_2core_gpfp_tgf_100mj.yml
2026-02-01 19:25:51.206 [INFO    ] [energy_manager      ] [Python] 返回C++配置: 核心数=2, 基础频率=8100.0MHz, 初始能量=100.0J
2026-02-01 19:26:06.857 [INFO    ] [energy_manager      ] [EnergyManager] __init__ called with config_file: test_results/12mj_test/configs/system_2core_gpfp_tgf_100mj.yml
2026-02-01 19:26:06.871 [INFO    ] [energy_manager      ] [EnergyConfig] 加载配置文件: test_results/12mj_test/configs/system_2core_gpfp_tgf_100mj.yml
2026-02-01 19:26:06.871 [INFO    ] [energy_manager      ] [EnergyConfig] initial_energy from config: 100.0
2026-02-01 19:26:06.871 [INFO    ] [energy_manager      ] [EnergyConfig] self.initial_energy after loading: 100.0
2026-02-01 19:26:06.871 [INFO    ] [energy_manager      ] [EnergyConfig] 从 day_of_year=182, time_of_day_ms=0 计算 start_offset_minutes=260640
2026-02-01 19:26:06.871 [INFO    ] [energy_manager      ] [Python] 从配置文件更新start_offset_minutes=260640, simulation_start_time=15638400000ms
2026-02-01 19:26:06.871 [INFO    ] [energy_manager      ] [EnergyConfig] 使用默认能量收集源配置
2026-02-01 19:26:06.872 [INFO    ] [energy_manager      ] EnergyConfig loaded from test_results/12mj_test/configs/system_2core_gpfp_tgf_100mj.yml
2026-02-01 19:26:06.872 [INFO    ] [energy_manager      ]   Initial energy: 100.0 J
2026-02-01 19:26:06.872 [INFO    ] [energy_manager      ]   Max energy: 1000.0 J
2026-02-01 19:26:06.872 [INFO    ] [energy_manager      ]   Unit time: 50 ms
2026-02-01 19:26:06.872 [INFO    ] [energy_manager      ]   Debug mode: False
2026-02-01 19:26:06.872 [INFO    ] [energy_manager      ]   === 真实太阳能数据配置 ===
2026-02-01 19:26:06.872 [INFO    ] [energy_manager      ]     使用真实数据: True
2026-02-01 19:26:06.872 [INFO    ] [energy_manager      ]     数据文件: data/processed/shenyang_solar_minute.csv
2026-02-01 19:26:06.872 [INFO    ] [energy_manager      ]     光伏效率: 0.18
2026-02-01 19:26:06.872 [INFO    ] [energy_manager      ]     光伏面积: 1.0 m²
2026-02-01 19:26:06.872 [INFO    ] [energy_manager      ]     时间偏移: 260640 分钟
2026-02-01 19:26:06.872 [INFO    ] [energy_manager      ] 加载的季节配置:
2026-02-01 19:26:06.872 [INFO    ] [energy_manager      ]   spring: 第60天 - 第151天
2026-02-01 19:26:06.872 [INFO    ] [energy_manager      ]   summer: 第152天 - 第243天
2026-02-01 19:26:06.873 [INFO    ] [energy_manager      ]   autumn: 第244天 - 第334天
2026-02-01 19:26:06.873 [INFO    ] [energy_manager      ]   winter: 第335天 - 第365天
2026-02-01 19:26:06.873 [INFO    ] [energy_manager      ] 加载的时间段配置:
2026-02-01 19:26:06.873 [INFO    ] [energy_manager      ]   morning: 6:00 - 11:00 (倍率: 2.0)
2026-02-01 19:26:06.873 [INFO    ] [energy_manager      ]   noon: 12:00 - 13:00 (倍率: 5.0)
2026-02-01 19:26:06.873 [INFO    ] [energy_manager      ]   afternoon: 14:00 - 17:00 (倍率: 3.0)
2026-02-01 19:26:06.873 [INFO    ] [energy_manager      ]   evening: 18:00 - 21:00 (倍率: 1.0)
2026-02-01 19:26:06.873 [INFO    ] [energy_manager      ]   night: 22:00 - 5:00 (倍率: 0.5)
2026-02-01 19:26:08.079 [INFO    ] [energy_manager      ] [EnergyHarvester] 成功初始化真实太阳能数据模型
2026-02-01 19:26:08.079 [INFO    ] [energy_manager      ] [EnergyHarvester] 使用数据文件: data/processed/shenyang_solar_minute.csv
2026-02-01 19:26:08.080 [INFO    ] [energy_manager      ] [EnergyHarvester] 光伏参数: 效率=0.18, 面积=1.0m²
2026-02-01 19:26:08.080 [INFO    ] [energy_manager      ] [EnergyHarvester] 时间偏移: 260640 分钟
2026-02-01 19:26:08.080 [INFO    ] [energy_manager      ] [EnergyManager] self.config.initial_energy: 100.0
2026-02-01 19:26:08.080 [INFO    ] [energy_manager      ] [EnergyManager] self.current_energy set to: 100.0
2026-02-01 19:26:08.080 [INFO    ] [energy_manager      ] [Python] EnergyManager初始化完成
2026-02-01 19:26:08.080 [INFO    ] [energy_manager      ] [Python] 初始能量: 100.0/1000.0 J
2026-02-01 19:26:08.080 [INFO    ] [energy_manager      ] [Python] 仿真开始时间偏移: 15638400000ms
2026-02-01 19:26:08.080 [INFO    ] [energy_manager      ] [Python] 仿真开始时间: 00:00:00
2026-02-01 19:26:08.080 [INFO    ] [energy_manager      ] 全局EnergyManager实例创建成功
2026-02-01 19:26:08.081 [INFO    ] [energy_manager      ] [get_energy_manager] config_file=test_results/12mj_test/configs/system_2core_gpfp_tgf_100mj.yml, current_config_file=test_results/12mj_test/configs/system_2core_gpfp_tgf_100mj.yml
2026-02-01 19:26:08.081 [INFO    ] [energy_manager      ] 配置文件相同，无需重新加载: test_results/12mj_test/configs/system_2core_gpfp_tgf_100mj.yml
2026-02-01 19:26:08.081 [INFO    ] [energy_manager      ] [Python] 返回C++配置: 核心数=2, 基础频率=8100.0MHz, 初始能量=100.0J
2026-02-01 19:26:17.490 [INFO    ] [energy_manager      ] [EnergyManager] __init__ called with config_file: test_results/12mj_test/configs/system_2core_gpfp_tgf_100mj.yml
2026-02-01 19:26:17.505 [INFO    ] [energy_manager      ] [EnergyConfig] 加载配置文件: test_results/12mj_test/configs/system_2core_gpfp_tgf_100mj.yml
2026-02-01 19:26:17.505 [INFO    ] [energy_manager      ] [EnergyConfig] initial_energy from config: 100.0
2026-02-01 19:26:17.505 [INFO    ] [energy_manager      ] [EnergyConfig] self.initial_energy after loading: 100.0
2026-02-01 19:26:17.505 [INFO    ] [energy_manager      ] [EnergyConfig] 从 day_of_year=182, time_of_day_ms=0 计算 start_offset_minutes=260640
2026-02-01 19:26:17.505 [INFO    ] [energy_manager      ] [Python] 从配置文件更新start_offset_minutes=260640, simulation_start_time=15638400000ms
2026-02-01 19:26:17.505 [INFO    ] [energy_manager      ] [EnergyConfig] 使用默认能量收集源配置
2026-02-01 19:26:17.505 [INFO    ] [energy_manager      ] EnergyConfig loaded from test_results/12mj_test/configs/system_2core_gpfp_tgf_100mj.yml
2026-02-01 19:26:17.505 [INFO    ] [energy_manager      ]   Initial energy: 100.0 J
2026-02-01 19:26:17.505 [INFO    ] [energy_manager      ]   Max energy: 1000.0 J
2026-02-01 19:26:17.505 [INFO    ] [energy_manager      ]   Unit time: 50 ms
2026-02-01 19:26:17.505 [INFO    ] [energy_manager      ]   Debug mode: False
2026-02-01 19:26:17.506 [INFO    ] [energy_manager      ]   === 真实太阳能数据配置 ===
2026-02-01 19:26:17.506 [INFO    ] [energy_manager      ]     使用真实数据: True
2026-02-01 19:26:17.506 [INFO    ] [energy_manager      ]     数据文件: data/processed/shenyang_solar_minute.csv
2026-02-01 19:26:17.506 [INFO    ] [energy_manager      ]     光伏效率: 0.18
2026-02-01 19:26:17.506 [INFO    ] [energy_manager      ]     光伏面积: 1.0 m²
2026-02-01 19:26:17.506 [INFO    ] [energy_manager      ]     时间偏移: 260640 分钟
2026-02-01 19:26:17.506 [INFO    ] [energy_manager      ] 加载的季节配置:
2026-02-01 19:26:17.506 [INFO    ] [energy_manager      ]   spring: 第60天 - 第151天
2026-02-01 19:26:17.506 [INFO    ] [energy_manager      ]   summer: 第152天 - 第243天
2026-02-01 19:26:17.506 [INFO    ] [energy_manager      ]   autumn: 第244天 - 第334天
2026-02-01 19:26:17.506 [INFO    ] [energy_manager      ]   winter: 第335天 - 第365天
2026-02-01 19:26:17.506 [INFO    ] [energy_manager      ] 加载的时间段配置:
2026-02-01 19:26:17.506 [INFO    ] [energy_manager      ]   morning: 6:00 - 11:00 (倍率: 2.0)
2026-02-01 19:26:17.507 [INFO    ] [energy_manager      ]   noon: 12:00 - 13:00 (倍率: 5.0)
2026-02-01 19:26:17.507 [INFO    ] [energy_manager      ]   afternoon: 14:00 - 17:00 (倍率: 3.0)
2026-02-01 19:26:17.507 [INFO    ] [energy_manager      ]   evening: 18:00 - 21:00 (倍率: 1.0)
2026-02-01 19:26:17.507 [INFO    ] [energy_manager      ]   night: 22:00 - 5:00 (倍率: 0.5)
2026-02-01 19:26:18.740 [INFO    ] [energy_manager      ] [EnergyHarvester] 成功初始化真实太阳能数据模型
2026-02-01 19:26:18.740 [INFO    ] [energy_manager      ] [EnergyHarvester] 使用数据文件: data/processed/shenyang_solar_minute.csv
2026-02-01 19:26:18.740 [INFO    ] [energy_manager      ] [EnergyHarvester] 光伏参数: 效率=0.18, 面积=1.0m²
2026-02-01 19:26:18.740 [INFO    ] [energy_manager      ] [EnergyHarvester] 时间偏移: 260640 分钟
2026-02-01 19:26:18.741 [INFO    ] [energy_manager      ] [EnergyManager] self.config.initial_energy: 100.0
2026-02-01 19:26:18.741 [INFO    ] [energy_manager      ] [EnergyManager] self.current_energy set to: 100.0
2026-02-01 19:26:18.741 [INFO    ] [energy_manager      ] [Python] EnergyManager初始化完成
2026-02-01 19:26:18.741 [INFO    ] [energy_manager      ] [Python] 初始能量: 100.0/1000.0 J
2026-02-01 19:26:18.741 [INFO    ] [energy_manager      ] [Python] 仿真开始时间偏移: 15638400000ms
2026-02-01 19:26:18.741 [INFO    ] [energy_manager      ] [Python] 仿真开始时间: 00:00:00
2026-02-01 19:26:18.741 [INFO    ] [energy_manager      ] 全局EnergyManager实例创建成功
2026-02-01 19:26:18.741 [INFO    ] [energy_manager      ] [get_energy_manager] config_file=test_results/12mj_test/configs/system_2core_gpfp_tgf_100mj.yml, current_config_file=test_results/12mj_test/configs/system_2core_gpfp_tgf_100mj.yml
2026-02-01 19:26:18.741 [INFO    ] [energy_manager      ] 配置文件相同，无需重新加载: test_results/12mj_test/configs/system_2core_gpfp_tgf_100mj.yml
2026-02-01 19:26:18.742 [INFO    ] [energy_manager      ] [Python] 返回C++配置: 核心数=2, 基础频率=8100.0MHz, 初始能量=100.0J
2026-02-01 19:26:43.018 [INFO    ] [energy_manager      ] [EnergyManager] __init__ called with config_file: test_results/12mj_test/configs/system_2core_gpfp_tgf_100mj.yml
2026-02-01 19:26:43.032 [INFO    ] [energy_manager      ] [EnergyConfig] 加载配置文件: test_results/12mj_test/configs/system_2core_gpfp_tgf_100mj.yml
2026-02-01 19:26:43.032 [INFO    ] [energy_manager      ] [EnergyConfig] initial_energy from config: 100.0
2026-02-01 19:26:43.032 [INFO    ] [energy_manager      ] [EnergyConfig] self.initial_energy after loading: 100.0
2026-02-01 19:26:43.033 [INFO    ] [energy_manager      ] [EnergyConfig] 从 day_of_year=182, time_of_day_ms=0 计算 start_offset_minutes=260640
2026-02-01 19:26:43.033 [INFO    ] [energy_manager      ] [Python] 从配置文件更新start_offset_minutes=260640, simulation_start_time=15638400000ms
2026-02-01 19:26:43.033 [INFO    ] [energy_manager      ] [EnergyConfig] 使用默认能量收集源配置
2026-02-01 19:26:43.033 [INFO    ] [energy_manager      ] EnergyConfig loaded from test_results/12mj_test/configs/system_2core_gpfp_tgf_100mj.yml
2026-02-01 19:26:43.033 [INFO    ] [energy_manager      ]   Initial energy: 100.0 J
2026-02-01 19:26:43.033 [INFO    ] [energy_manager      ]   Max energy: 1000.0 J
2026-02-01 19:26:43.033 [INFO    ] [energy_manager      ]   Unit time: 50 ms
2026-02-01 19:26:43.033 [INFO    ] [energy_manager      ]   Debug mode: False
2026-02-01 19:26:43.033 [INFO    ] [energy_manager      ]   === 真实太阳能数据配置 ===
2026-02-01 19:26:43.033 [INFO    ] [energy_manager      ]     使用真实数据: True
2026-02-01 19:26:43.034 [INFO    ] [energy_manager      ]     数据文件: data/processed/shenyang_solar_minute.csv
2026-02-01 19:26:43.034 [INFO    ] [energy_manager      ]     光伏效率: 0.18
2026-02-01 19:26:43.034 [INFO    ] [energy_manager      ]     光伏面积: 1.0 m²
2026-02-01 19:26:43.034 [INFO    ] [energy_manager      ]     时间偏移: 260640 分钟
2026-02-01 19:26:43.034 [INFO    ] [energy_manager      ] 加载的季节配置:
2026-02-01 19:26:43.034 [INFO    ] [energy_manager      ]   spring: 第60天 - 第151天
2026-02-01 19:26:43.034 [INFO    ] [energy_manager      ]   summer: 第152天 - 第243天
2026-02-01 19:26:43.034 [INFO    ] [energy_manager      ]   autumn: 第244天 - 第334天
2026-02-01 19:26:43.034 [INFO    ] [energy_manager      ]   winter: 第335天 - 第365天
2026-02-01 19:26:43.034 [INFO    ] [energy_manager      ] 加载的时间段配置:
2026-02-01 19:26:43.034 [INFO    ] [energy_manager      ]   morning: 6:00 - 11:00 (倍率: 2.0)
2026-02-01 19:26:43.034 [INFO    ] [energy_manager      ]   noon: 12:00 - 13:00 (倍率: 5.0)
2026-02-01 19:26:43.034 [INFO    ] [energy_manager      ]   afternoon: 14:00 - 17:00 (倍率: 3.0)
2026-02-01 19:26:43.035 [INFO    ] [energy_manager      ]   evening: 18:00 - 21:00 (倍率: 1.0)
2026-02-01 19:26:43.035 [INFO    ] [energy_manager      ]   night: 22:00 - 5:00 (倍率: 0.5)
2026-02-01 19:26:44.274 [INFO    ] [energy_manager      ] [EnergyHarvester] 成功初始化真实太阳能数据模型
2026-02-01 19:26:44.274 [INFO    ] [energy_manager      ] [EnergyHarvester] 使用数据文件: data/processed/shenyang_solar_minute.csv
2026-02-01 19:26:44.274 [INFO    ] [energy_manager      ] [EnergyHarvester] 光伏参数: 效率=0.18, 面积=1.0m²
2026-02-01 19:26:44.274 [INFO    ] [energy_manager      ] [EnergyHarvester] 时间偏移: 260640 分钟
2026-02-01 19:26:44.274 [INFO    ] [energy_manager      ] [EnergyManager] self.config.initial_energy: 100.0
2026-02-01 19:26:44.274 [INFO    ] [energy_manager      ] [EnergyManager] self.current_energy set to: 100.0
2026-02-01 19:26:44.274 [INFO    ] [energy_manager      ] [Python] EnergyManager初始化完成
2026-02-01 19:26:44.274 [INFO    ] [energy_manager      ] [Python] 初始能量: 100.0/1000.0 J
2026-02-01 19:26:44.274 [INFO    ] [energy_manager      ] [Python] 仿真开始时间偏移: 15638400000ms
2026-02-01 19:26:44.274 [INFO    ] [energy_manager      ] [Python] 仿真开始时间: 00:00:00
2026-02-01 19:26:44.275 [INFO    ] [energy_manager      ] 全局EnergyManager实例创建成功
2026-02-01 19:26:44.275 [INFO    ] [energy_manager      ] [get_energy_manager] config_file=test_results/12mj_test/configs/system_2core_gpfp_tgf_100mj.yml, current_config_file=test_results/12mj_test/configs/system_2core_gpfp_tgf_100mj.yml
2026-02-01 19:26:44.275 [INFO    ] [energy_manager      ] 配置文件相同，无需重新加载: test_results/12mj_test/configs/system_2core_gpfp_tgf_100mj.yml
2026-02-01 19:26:44.275 [INFO    ] [energy_manager      ] [Python] 返回C++配置: 核心数=2, 基础频率=8100.0MHz, 初始能量=100.0J
2026-02-01 19:26:58.373 [INFO    ] [energy_manager      ] [EnergyManager] __init__ called with config_file: test_results/12mj_test/configs/system_2core_gpfp_tgf_100mj.yml
2026-02-01 19:26:58.387 [INFO    ] [energy_manager      ] [EnergyConfig] 加载配置文件: test_results/12mj_test/configs/system_2core_gpfp_tgf_100mj.yml
2026-02-01 19:26:58.388 [INFO    ] [energy_manager      ] [EnergyConfig] initial_energy from config: 100.0
2026-02-01 19:26:58.388 [INFO    ] [energy_manager      ] [EnergyConfig] self.initial_energy after loading: 100.0
2026-02-01 19:26:58.388 [INFO    ] [energy_manager      ] [EnergyConfig] 从 day_of_year=182, time_of_day_ms=0 计算 start_offset_minutes=260640
2026-02-01 19:26:58.388 [INFO    ] [energy_manager      ] [Python] 从配置文件更新start_offset_minutes=260640, simulation_start_time=15638400000ms
2026-02-01 19:26:58.388 [INFO    ] [energy_manager      ] [EnergyConfig] 使用默认能量收集源配置
2026-02-01 19:26:58.388 [INFO    ] [energy_manager      ] EnergyConfig loaded from test_results/12mj_test/configs/system_2core_gpfp_tgf_100mj.yml
2026-02-01 19:26:58.388 [INFO    ] [energy_manager      ]   Initial energy: 100.0 J
2026-02-01 19:26:58.388 [INFO    ] [energy_manager      ]   Max energy: 1000.0 J
2026-02-01 19:26:58.388 [INFO    ] [energy_manager      ]   Unit time: 50 ms
2026-02-01 19:26:58.388 [INFO    ] [energy_manager      ]   Debug mode: False
2026-02-01 19:26:58.388 [INFO    ] [energy_manager      ]   === 真实太阳能数据配置 ===
2026-02-01 19:26:58.388 [INFO    ] [energy_manager      ]     使用真实数据: True
2026-02-01 19:26:58.389 [INFO    ] [energy_manager      ]     数据文件: data/processed/shenyang_solar_minute.csv
2026-02-01 19:26:58.389 [INFO    ] [energy_manager      ]     光伏效率: 0.18
2026-02-01 19:26:58.389 [INFO    ] [energy_manager      ]     光伏面积: 1.0 m²
2026-02-01 19:26:58.389 [INFO    ] [energy_manager      ]     时间偏移: 260640 分钟
2026-02-01 19:26:58.389 [INFO    ] [energy_manager      ] 加载的季节配置:
2026-02-01 19:26:58.389 [INFO    ] [energy_manager      ]   spring: 第60天 - 第151天
2026-02-01 19:26:58.389 [INFO    ] [energy_manager      ]   summer: 第152天 - 第243天
2026-02-01 19:26:58.389 [INFO    ] [energy_manager      ]   autumn: 第244天 - 第334天
2026-02-01 19:26:58.389 [INFO    ] [energy_manager      ]   winter: 第335天 - 第365天
2026-02-01 19:26:58.389 [INFO    ] [energy_manager      ] 加载的时间段配置:
2026-02-01 19:26:58.389 [INFO    ] [energy_manager      ]   morning: 6:00 - 11:00 (倍率: 2.0)
2026-02-01 19:26:58.389 [INFO    ] [energy_manager      ]   noon: 12:00 - 13:00 (倍率: 5.0)
2026-02-01 19:26:58.389 [INFO    ] [energy_manager      ]   afternoon: 14:00 - 17:00 (倍率: 3.0)
2026-02-01 19:26:58.390 [INFO    ] [energy_manager      ]   evening: 18:00 - 21:00 (倍率: 1.0)
2026-02-01 19:26:58.390 [INFO    ] [energy_manager      ]   night: 22:00 - 5:00 (倍率: 0.5)
2026-02-01 19:26:59.594 [INFO    ] [energy_manager      ] [EnergyHarvester] 成功初始化真实太阳能数据模型
2026-02-01 19:26:59.594 [INFO    ] [energy_manager      ] [EnergyHarvester] 使用数据文件: data/processed/shenyang_solar_minute.csv
2026-02-01 19:26:59.594 [INFO    ] [energy_manager      ] [EnergyHarvester] 光伏参数: 效率=0.18, 面积=1.0m²
2026-02-01 19:26:59.594 [INFO    ] [energy_manager      ] [EnergyHarvester] 时间偏移: 260640 分钟
2026-02-01 19:26:59.594 [INFO    ] [energy_manager      ] [EnergyManager] self.config.initial_energy: 100.0
2026-02-01 19:26:59.595 [INFO    ] [energy_manager      ] [EnergyManager] self.current_energy set to: 100.0
2026-02-01 19:26:59.595 [INFO    ] [energy_manager      ] [Python] EnergyManager初始化完成
2026-02-01 19:26:59.595 [INFO    ] [energy_manager      ] [Python] 初始能量: 100.0/1000.0 J
2026-02-01 19:26:59.595 [INFO    ] [energy_manager      ] [Python] 仿真开始时间偏移: 15638400000ms
2026-02-01 19:26:59.595 [INFO    ] [energy_manager      ] [Python] 仿真开始时间: 00:00:00
2026-02-01 19:26:59.595 [INFO    ] [energy_manager      ] 全局EnergyManager实例创建成功
2026-02-01 19:26:59.595 [INFO    ] [energy_manager      ] [get_energy_manager] config_file=test_results/12mj_test/configs/system_2core_gpfp_tgf_100mj.yml, current_config_file=test_results/12mj_test/configs/system_2core_gpfp_tgf_100mj.yml
2026-02-01 19:26:59.595 [INFO    ] [energy_manager      ] 配置文件相同，无需重新加载: test_results/12mj_test/configs/system_2core_gpfp_tgf_100mj.yml
2026-02-01 19:26:59.595 [INFO    ] [energy_manager      ] [Python] 返回C++配置: 核心数=2, 基础频率=8100.0MHz, 初始能量=100.0J
